<?xml version="1.0" encoding="UTF-8"?>
<!-- Generated by org.testng.reporters.JUnitReportReporter -->
<testsuite hostname="apples-MacBook-Pro-3.local" failures="0" tests="4" name="Tests.Test1" time="17.811" errors="0" timestamp="2020-04-26T17:58:32 IST" skipped="0">
  <testcase classname="Tests.Test1" name="setCsrfToken" time="5.384"/>
  <system-out/>
  <testcase classname="Tests.Test1" name="loginWithEmail" time="6.085"/>
  <system-out/>
  <testcase classname="Tests.Test1" name="uploadFile" time="3.463"/>
  <system-out/>
  <testcase classname="Tests.Test1" name="createNoteForAttachments" time="2.879"/>
  <system-out/>
</testsuite> <!-- Tests.Test1 -->
